{
  "numTotalTestSuites": 2,
  "numPassedTestSuites": 2,
  "numFailedTestSuites": 0,
  "numPendingTestSuites": 0,
  "numTotalTests": 1,
  "numPassedTests": 1,
  "numFailedTests": 0,
  "numPendingTests": 0,
  "numTodoTests": 0,
  "startTime": 1667474606279,
  "success": true,
  "testResults": [
    {
      "assertionResults": [
        {
          "ancestorTitles": [
            "",
            "App.vue"
          ],
          "fullName": " App.vue renders a title",
          "status": "passed",
          "title": "renders a title",
          "duration": 33,
          "failureMessages": []
        }
      ],
      "startTime": 1667474609053,
      "endTime": 1667474609086,
      "status": "passed",
      "message": "",
      "name": "D:/dev/ninja-vue/ponyracer/src/__tests__/App.spec.ts"
    }
  ]
}